<?xml version="1.0" encoding="UTF-8"?>
<testsuite name="owner_qaguru.WebDriverTest" tests="1" skipped="0" failures="0" errors="0" timestamp="2022-04-04T18:15:12" hostname="LAPTOP-HONOR" time="8.515">
  <properties/>
  <testcase name="testConvertioTitle()" classname="owner_qaguru.WebDriverTest" time="8.515"/>
  <system-out><![CDATA[]]></system-out>
  <system-err><![CDATA[Starting ChromeDriver 100.0.4896.60 (6a5d10861ce8de5fce22564658033b43cb7de047-refs/branch-heads/4896@{#875}) on port 63186
Only local connections are allowed.
Please see https://chromedriver.chromium.org/security-considerations for suggestions on keeping ChromeDriver safe.
ChromeDriver was started successfully.
апр. 04, 2022 9:15:16 PM org.openqa.selenium.remote.ProtocolHandshake createSession
INFO: Detected dialect: W3C
апр. 04, 2022 9:15:17 PM org.openqa.selenium.devtools.CdpVersionFinder findNearestMatch
WARNING: Unable to find an exact match for CDP version 100, so returning the closest version found: 99
апр. 04, 2022 9:15:17 PM org.openqa.selenium.devtools.CdpVersionFinder findNearestMatch
INFO: Found CDP implementation for version 100 of 99
]]></system-err>
</testsuite>
